Copyright 1986-2021 Xilinx, Inc. All Rights Reserved.
-----------------------------------------------------------------------------------------------------------------------------------------------------------------------------------
| Tool Version : Vivado v.2021.2 (win64) Build 3367213 Tue Oct 19 02:48:09 MDT 2021
| Date         : Fri May 12 15:55:58 2023
| Host         : LAPTOP-UAA2KK37 running 64-bit major release  (build 9200)
| Command      : report_methodology -file top_input_clock_methodology_drc_routed.rpt -pb top_input_clock_methodology_drc_routed.pb -rpx top_input_clock_methodology_drc_routed.rpx
| Design       : top_input_clock
| Device       : xc7z045ffg900-2
| Speed File   : -2
| Design State : Fully Routed
-----------------------------------------------------------------------------------------------------------------------------------------------------------------------------------

Report Methodology

Table of Contents
-----------------
1. REPORT SUMMARY
2. REPORT DETAILS

1. REPORT SUMMARY
-----------------
            Netlist: netlist
          Floorplan: design_1
      Design limits: <entire design considered>
             Max violations: <unlimited>
             Violations found: 120
+-----------+------------------+----------------------------------------------------+------------+
| Rule      | Severity         | Description                                        | Violations |
+-----------+------------------+----------------------------------------------------+------------+
| TIMING-17 | Critical Warning | Non-clocked sequential cell                        | 118        |
| TIMING-25 | Critical Warning | Invalid clock waveform on gigabit transceiver (GT) | 1          |
| TIMING-18 | Warning          | Missing input or output delay                      | 1          |
+-----------+------------------+----------------------------------------------------+------------+

2. REPORT DETAILS
-----------------
TIMING-17#1 Critical Warning
Non-clocked sequential cell  
The clock pin counter_clk_reg[0]/C is not reached by a timing clock
Related violations: <none>

TIMING-17#2 Critical Warning
Non-clocked sequential cell  
The clock pin counter_clk_reg[10]/C is not reached by a timing clock
Related violations: <none>

TIMING-17#3 Critical Warning
Non-clocked sequential cell  
The clock pin counter_clk_reg[11]/C is not reached by a timing clock
Related violations: <none>

TIMING-17#4 Critical Warning
Non-clocked sequential cell  
The clock pin counter_clk_reg[12]/C is not reached by a timing clock
Related violations: <none>

TIMING-17#5 Critical Warning
Non-clocked sequential cell  
The clock pin counter_clk_reg[13]/C is not reached by a timing clock
Related violations: <none>

TIMING-17#6 Critical Warning
Non-clocked sequential cell  
The clock pin counter_clk_reg[14]/C is not reached by a timing clock
Related violations: <none>

TIMING-17#7 Critical Warning
Non-clocked sequential cell  
The clock pin counter_clk_reg[15]/C is not reached by a timing clock
Related violations: <none>

TIMING-17#8 Critical Warning
Non-clocked sequential cell  
The clock pin counter_clk_reg[16]/C is not reached by a timing clock
Related violations: <none>

TIMING-17#9 Critical Warning
Non-clocked sequential cell  
The clock pin counter_clk_reg[17]/C is not reached by a timing clock
Related violations: <none>

TIMING-17#10 Critical Warning
Non-clocked sequential cell  
The clock pin counter_clk_reg[18]/C is not reached by a timing clock
Related violations: <none>

TIMING-17#11 Critical Warning
Non-clocked sequential cell  
The clock pin counter_clk_reg[19]/C is not reached by a timing clock
Related violations: <none>

TIMING-17#12 Critical Warning
Non-clocked sequential cell  
The clock pin counter_clk_reg[1]/C is not reached by a timing clock
Related violations: <none>

TIMING-17#13 Critical Warning
Non-clocked sequential cell  
The clock pin counter_clk_reg[20]/C is not reached by a timing clock
Related violations: <none>

TIMING-17#14 Critical Warning
Non-clocked sequential cell  
The clock pin counter_clk_reg[21]/C is not reached by a timing clock
Related violations: <none>

TIMING-17#15 Critical Warning
Non-clocked sequential cell  
The clock pin counter_clk_reg[22]/C is not reached by a timing clock
Related violations: <none>

TIMING-17#16 Critical Warning
Non-clocked sequential cell  
The clock pin counter_clk_reg[23]/C is not reached by a timing clock
Related violations: <none>

TIMING-17#17 Critical Warning
Non-clocked sequential cell  
The clock pin counter_clk_reg[24]/C is not reached by a timing clock
Related violations: <none>

TIMING-17#18 Critical Warning
Non-clocked sequential cell  
The clock pin counter_clk_reg[25]/C is not reached by a timing clock
Related violations: <none>

TIMING-17#19 Critical Warning
Non-clocked sequential cell  
The clock pin counter_clk_reg[26]/C is not reached by a timing clock
Related violations: <none>

TIMING-17#20 Critical Warning
Non-clocked sequential cell  
The clock pin counter_clk_reg[27]/C is not reached by a timing clock
Related violations: <none>

TIMING-17#21 Critical Warning
Non-clocked sequential cell  
The clock pin counter_clk_reg[2]/C is not reached by a timing clock
Related violations: <none>

TIMING-17#22 Critical Warning
Non-clocked sequential cell  
The clock pin counter_clk_reg[3]/C is not reached by a timing clock
Related violations: <none>

TIMING-17#23 Critical Warning
Non-clocked sequential cell  
The clock pin counter_clk_reg[4]/C is not reached by a timing clock
Related violations: <none>

TIMING-17#24 Critical Warning
Non-clocked sequential cell  
The clock pin counter_clk_reg[5]/C is not reached by a timing clock
Related violations: <none>

TIMING-17#25 Critical Warning
Non-clocked sequential cell  
The clock pin counter_clk_reg[6]/C is not reached by a timing clock
Related violations: <none>

TIMING-17#26 Critical Warning
Non-clocked sequential cell  
The clock pin counter_clk_reg[7]/C is not reached by a timing clock
Related violations: <none>

TIMING-17#27 Critical Warning
Non-clocked sequential cell  
The clock pin counter_clk_reg[8]/C is not reached by a timing clock
Related violations: <none>

TIMING-17#28 Critical Warning
Non-clocked sequential cell  
The clock pin counter_clk_reg[9]/C is not reached by a timing clock
Related violations: <none>

TIMING-17#29 Critical Warning
Non-clocked sequential cell  
The clock pin gtwizard_0_main/gtwizard_0_support_i/gtwizard_0_init_i/U0/gt0_txresetfsm_i/CPLL_RESET_reg/C is not reached by a timing clock
Related violations: <none>

TIMING-17#30 Critical Warning
Non-clocked sequential cell  
The clock pin gtwizard_0_main/gtwizard_0_support_i/gtwizard_0_init_i/U0/gt0_txresetfsm_i/FSM_sequential_tx_state_reg[0]/C is not reached by a timing clock
Related violations: <none>

TIMING-17#31 Critical Warning
Non-clocked sequential cell  
The clock pin gtwizard_0_main/gtwizard_0_support_i/gtwizard_0_init_i/U0/gt0_txresetfsm_i/FSM_sequential_tx_state_reg[1]/C is not reached by a timing clock
Related violations: <none>

TIMING-17#32 Critical Warning
Non-clocked sequential cell  
The clock pin gtwizard_0_main/gtwizard_0_support_i/gtwizard_0_init_i/U0/gt0_txresetfsm_i/FSM_sequential_tx_state_reg[2]/C is not reached by a timing clock
Related violations: <none>

TIMING-17#33 Critical Warning
Non-clocked sequential cell  
The clock pin gtwizard_0_main/gtwizard_0_support_i/gtwizard_0_init_i/U0/gt0_txresetfsm_i/FSM_sequential_tx_state_reg[3]/C is not reached by a timing clock
Related violations: <none>

TIMING-17#34 Critical Warning
Non-clocked sequential cell  
The clock pin gtwizard_0_main/gtwizard_0_support_i/gtwizard_0_init_i/U0/gt0_txresetfsm_i/TXUSERRDY_reg/C is not reached by a timing clock
Related violations: <none>

TIMING-17#35 Critical Warning
Non-clocked sequential cell  
The clock pin gtwizard_0_main/gtwizard_0_support_i/gtwizard_0_init_i/U0/gt0_txresetfsm_i/gttxreset_i_reg/C is not reached by a timing clock
Related violations: <none>

TIMING-17#36 Critical Warning
Non-clocked sequential cell  
The clock pin gtwizard_0_main/gtwizard_0_support_i/gtwizard_0_init_i/U0/gt0_txresetfsm_i/init_wait_count_reg[0]/C is not reached by a timing clock
Related violations: <none>

TIMING-17#37 Critical Warning
Non-clocked sequential cell  
The clock pin gtwizard_0_main/gtwizard_0_support_i/gtwizard_0_init_i/U0/gt0_txresetfsm_i/init_wait_count_reg[1]/C is not reached by a timing clock
Related violations: <none>

TIMING-17#38 Critical Warning
Non-clocked sequential cell  
The clock pin gtwizard_0_main/gtwizard_0_support_i/gtwizard_0_init_i/U0/gt0_txresetfsm_i/init_wait_count_reg[2]/C is not reached by a timing clock
Related violations: <none>

TIMING-17#39 Critical Warning
Non-clocked sequential cell  
The clock pin gtwizard_0_main/gtwizard_0_support_i/gtwizard_0_init_i/U0/gt0_txresetfsm_i/init_wait_count_reg[3]/C is not reached by a timing clock
Related violations: <none>

TIMING-17#40 Critical Warning
Non-clocked sequential cell  
The clock pin gtwizard_0_main/gtwizard_0_support_i/gtwizard_0_init_i/U0/gt0_txresetfsm_i/init_wait_count_reg[4]/C is not reached by a timing clock
Related violations: <none>

TIMING-17#41 Critical Warning
Non-clocked sequential cell  
The clock pin gtwizard_0_main/gtwizard_0_support_i/gtwizard_0_init_i/U0/gt0_txresetfsm_i/init_wait_count_reg[5]/C is not reached by a timing clock
Related violations: <none>

TIMING-17#42 Critical Warning
Non-clocked sequential cell  
The clock pin gtwizard_0_main/gtwizard_0_support_i/gtwizard_0_init_i/U0/gt0_txresetfsm_i/init_wait_done_reg/C is not reached by a timing clock
Related violations: <none>

TIMING-17#43 Critical Warning
Non-clocked sequential cell  
The clock pin gtwizard_0_main/gtwizard_0_support_i/gtwizard_0_init_i/U0/gt0_txresetfsm_i/mmcm_lock_count_reg[0]/C is not reached by a timing clock
Related violations: <none>

TIMING-17#44 Critical Warning
Non-clocked sequential cell  
The clock pin gtwizard_0_main/gtwizard_0_support_i/gtwizard_0_init_i/U0/gt0_txresetfsm_i/mmcm_lock_count_reg[1]/C is not reached by a timing clock
Related violations: <none>

TIMING-17#45 Critical Warning
Non-clocked sequential cell  
The clock pin gtwizard_0_main/gtwizard_0_support_i/gtwizard_0_init_i/U0/gt0_txresetfsm_i/mmcm_lock_count_reg[2]/C is not reached by a timing clock
Related violations: <none>

TIMING-17#46 Critical Warning
Non-clocked sequential cell  
The clock pin gtwizard_0_main/gtwizard_0_support_i/gtwizard_0_init_i/U0/gt0_txresetfsm_i/mmcm_lock_count_reg[3]/C is not reached by a timing clock
Related violations: <none>

TIMING-17#47 Critical Warning
Non-clocked sequential cell  
The clock pin gtwizard_0_main/gtwizard_0_support_i/gtwizard_0_init_i/U0/gt0_txresetfsm_i/mmcm_lock_count_reg[4]/C is not reached by a timing clock
Related violations: <none>

TIMING-17#48 Critical Warning
Non-clocked sequential cell  
The clock pin gtwizard_0_main/gtwizard_0_support_i/gtwizard_0_init_i/U0/gt0_txresetfsm_i/mmcm_lock_count_reg[5]/C is not reached by a timing clock
Related violations: <none>

TIMING-17#49 Critical Warning
Non-clocked sequential cell  
The clock pin gtwizard_0_main/gtwizard_0_support_i/gtwizard_0_init_i/U0/gt0_txresetfsm_i/mmcm_lock_count_reg[6]/C is not reached by a timing clock
Related violations: <none>

TIMING-17#50 Critical Warning
Non-clocked sequential cell  
The clock pin gtwizard_0_main/gtwizard_0_support_i/gtwizard_0_init_i/U0/gt0_txresetfsm_i/mmcm_lock_count_reg[7]/C is not reached by a timing clock
Related violations: <none>

TIMING-17#51 Critical Warning
Non-clocked sequential cell  
The clock pin gtwizard_0_main/gtwizard_0_support_i/gtwizard_0_init_i/U0/gt0_txresetfsm_i/mmcm_lock_reclocked_reg/C is not reached by a timing clock
Related violations: <none>

TIMING-17#52 Critical Warning
Non-clocked sequential cell  
The clock pin gtwizard_0_main/gtwizard_0_support_i/gtwizard_0_init_i/U0/gt0_txresetfsm_i/pll_reset_asserted_reg/C is not reached by a timing clock
Related violations: <none>

TIMING-17#53 Critical Warning
Non-clocked sequential cell  
The clock pin gtwizard_0_main/gtwizard_0_support_i/gtwizard_0_init_i/U0/gt0_txresetfsm_i/reset_time_out_reg/C is not reached by a timing clock
Related violations: <none>

TIMING-17#54 Critical Warning
Non-clocked sequential cell  
The clock pin gtwizard_0_main/gtwizard_0_support_i/gtwizard_0_init_i/U0/gt0_txresetfsm_i/run_phase_alignment_int_reg/C is not reached by a timing clock
Related violations: <none>

TIMING-17#55 Critical Warning
Non-clocked sequential cell  
The clock pin gtwizard_0_main/gtwizard_0_support_i/gtwizard_0_init_i/U0/gt0_txresetfsm_i/sync_CPLLLOCK/data_sync_reg1/C is not reached by a timing clock
Related violations: <none>

TIMING-17#56 Critical Warning
Non-clocked sequential cell  
The clock pin gtwizard_0_main/gtwizard_0_support_i/gtwizard_0_init_i/U0/gt0_txresetfsm_i/sync_CPLLLOCK/data_sync_reg2/C is not reached by a timing clock
Related violations: <none>

TIMING-17#57 Critical Warning
Non-clocked sequential cell  
The clock pin gtwizard_0_main/gtwizard_0_support_i/gtwizard_0_init_i/U0/gt0_txresetfsm_i/sync_CPLLLOCK/data_sync_reg3/C is not reached by a timing clock
Related violations: <none>

TIMING-17#58 Critical Warning
Non-clocked sequential cell  
The clock pin gtwizard_0_main/gtwizard_0_support_i/gtwizard_0_init_i/U0/gt0_txresetfsm_i/sync_CPLLLOCK/data_sync_reg4/C is not reached by a timing clock
Related violations: <none>

TIMING-17#59 Critical Warning
Non-clocked sequential cell  
The clock pin gtwizard_0_main/gtwizard_0_support_i/gtwizard_0_init_i/U0/gt0_txresetfsm_i/sync_CPLLLOCK/data_sync_reg5/C is not reached by a timing clock
Related violations: <none>

TIMING-17#60 Critical Warning
Non-clocked sequential cell  
The clock pin gtwizard_0_main/gtwizard_0_support_i/gtwizard_0_init_i/U0/gt0_txresetfsm_i/sync_CPLLLOCK/data_sync_reg6/C is not reached by a timing clock
Related violations: <none>

TIMING-17#61 Critical Warning
Non-clocked sequential cell  
The clock pin gtwizard_0_main/gtwizard_0_support_i/gtwizard_0_init_i/U0/gt0_txresetfsm_i/sync_TXRESETDONE/data_sync_reg1/C is not reached by a timing clock
Related violations: <none>

TIMING-17#62 Critical Warning
Non-clocked sequential cell  
The clock pin gtwizard_0_main/gtwizard_0_support_i/gtwizard_0_init_i/U0/gt0_txresetfsm_i/sync_TXRESETDONE/data_sync_reg2/C is not reached by a timing clock
Related violations: <none>

TIMING-17#63 Critical Warning
Non-clocked sequential cell  
The clock pin gtwizard_0_main/gtwizard_0_support_i/gtwizard_0_init_i/U0/gt0_txresetfsm_i/sync_TXRESETDONE/data_sync_reg3/C is not reached by a timing clock
Related violations: <none>

TIMING-17#64 Critical Warning
Non-clocked sequential cell  
The clock pin gtwizard_0_main/gtwizard_0_support_i/gtwizard_0_init_i/U0/gt0_txresetfsm_i/sync_TXRESETDONE/data_sync_reg4/C is not reached by a timing clock
Related violations: <none>

TIMING-17#65 Critical Warning
Non-clocked sequential cell  
The clock pin gtwizard_0_main/gtwizard_0_support_i/gtwizard_0_init_i/U0/gt0_txresetfsm_i/sync_TXRESETDONE/data_sync_reg5/C is not reached by a timing clock
Related violations: <none>

TIMING-17#66 Critical Warning
Non-clocked sequential cell  
The clock pin gtwizard_0_main/gtwizard_0_support_i/gtwizard_0_init_i/U0/gt0_txresetfsm_i/sync_TXRESETDONE/data_sync_reg6/C is not reached by a timing clock
Related violations: <none>

TIMING-17#67 Critical Warning
Non-clocked sequential cell  
The clock pin gtwizard_0_main/gtwizard_0_support_i/gtwizard_0_init_i/U0/gt0_txresetfsm_i/sync_mmcm_lock_reclocked/data_sync_reg1/C is not reached by a timing clock
Related violations: <none>

TIMING-17#68 Critical Warning
Non-clocked sequential cell  
The clock pin gtwizard_0_main/gtwizard_0_support_i/gtwizard_0_init_i/U0/gt0_txresetfsm_i/sync_mmcm_lock_reclocked/data_sync_reg2/C is not reached by a timing clock
Related violations: <none>

TIMING-17#69 Critical Warning
Non-clocked sequential cell  
The clock pin gtwizard_0_main/gtwizard_0_support_i/gtwizard_0_init_i/U0/gt0_txresetfsm_i/sync_mmcm_lock_reclocked/data_sync_reg3/C is not reached by a timing clock
Related violations: <none>

TIMING-17#70 Critical Warning
Non-clocked sequential cell  
The clock pin gtwizard_0_main/gtwizard_0_support_i/gtwizard_0_init_i/U0/gt0_txresetfsm_i/sync_mmcm_lock_reclocked/data_sync_reg4/C is not reached by a timing clock
Related violations: <none>

TIMING-17#71 Critical Warning
Non-clocked sequential cell  
The clock pin gtwizard_0_main/gtwizard_0_support_i/gtwizard_0_init_i/U0/gt0_txresetfsm_i/sync_mmcm_lock_reclocked/data_sync_reg5/C is not reached by a timing clock
Related violations: <none>

TIMING-17#72 Critical Warning
Non-clocked sequential cell  
The clock pin gtwizard_0_main/gtwizard_0_support_i/gtwizard_0_init_i/U0/gt0_txresetfsm_i/sync_mmcm_lock_reclocked/data_sync_reg6/C is not reached by a timing clock
Related violations: <none>

TIMING-17#73 Critical Warning
Non-clocked sequential cell  
The clock pin gtwizard_0_main/gtwizard_0_support_i/gtwizard_0_init_i/U0/gt0_txresetfsm_i/sync_time_out_wait_bypass/data_sync_reg1/C is not reached by a timing clock
Related violations: <none>

TIMING-17#74 Critical Warning
Non-clocked sequential cell  
The clock pin gtwizard_0_main/gtwizard_0_support_i/gtwizard_0_init_i/U0/gt0_txresetfsm_i/sync_time_out_wait_bypass/data_sync_reg2/C is not reached by a timing clock
Related violations: <none>

TIMING-17#75 Critical Warning
Non-clocked sequential cell  
The clock pin gtwizard_0_main/gtwizard_0_support_i/gtwizard_0_init_i/U0/gt0_txresetfsm_i/sync_time_out_wait_bypass/data_sync_reg3/C is not reached by a timing clock
Related violations: <none>

TIMING-17#76 Critical Warning
Non-clocked sequential cell  
The clock pin gtwizard_0_main/gtwizard_0_support_i/gtwizard_0_init_i/U0/gt0_txresetfsm_i/sync_time_out_wait_bypass/data_sync_reg4/C is not reached by a timing clock
Related violations: <none>

TIMING-17#77 Critical Warning
Non-clocked sequential cell  
The clock pin gtwizard_0_main/gtwizard_0_support_i/gtwizard_0_init_i/U0/gt0_txresetfsm_i/sync_time_out_wait_bypass/data_sync_reg5/C is not reached by a timing clock
Related violations: <none>

TIMING-17#78 Critical Warning
Non-clocked sequential cell  
The clock pin gtwizard_0_main/gtwizard_0_support_i/gtwizard_0_init_i/U0/gt0_txresetfsm_i/sync_time_out_wait_bypass/data_sync_reg6/C is not reached by a timing clock
Related violations: <none>

TIMING-17#79 Critical Warning
Non-clocked sequential cell  
The clock pin gtwizard_0_main/gtwizard_0_support_i/gtwizard_0_init_i/U0/gt0_txresetfsm_i/time_out_2ms_reg/C is not reached by a timing clock
Related violations: <none>

TIMING-17#80 Critical Warning
Non-clocked sequential cell  
The clock pin gtwizard_0_main/gtwizard_0_support_i/gtwizard_0_init_i/U0/gt0_txresetfsm_i/time_out_500us_reg/C is not reached by a timing clock
Related violations: <none>

TIMING-17#81 Critical Warning
Non-clocked sequential cell  
The clock pin gtwizard_0_main/gtwizard_0_support_i/gtwizard_0_init_i/U0/gt0_txresetfsm_i/time_out_counter_reg[0]/C is not reached by a timing clock
Related violations: <none>

TIMING-17#82 Critical Warning
Non-clocked sequential cell  
The clock pin gtwizard_0_main/gtwizard_0_support_i/gtwizard_0_init_i/U0/gt0_txresetfsm_i/time_out_counter_reg[10]/C is not reached by a timing clock
Related violations: <none>

TIMING-17#83 Critical Warning
Non-clocked sequential cell  
The clock pin gtwizard_0_main/gtwizard_0_support_i/gtwizard_0_init_i/U0/gt0_txresetfsm_i/time_out_counter_reg[11]/C is not reached by a timing clock
Related violations: <none>

TIMING-17#84 Critical Warning
Non-clocked sequential cell  
The clock pin gtwizard_0_main/gtwizard_0_support_i/gtwizard_0_init_i/U0/gt0_txresetfsm_i/time_out_counter_reg[12]/C is not reached by a timing clock
Related violations: <none>

TIMING-17#85 Critical Warning
Non-clocked sequential cell  
The clock pin gtwizard_0_main/gtwizard_0_support_i/gtwizard_0_init_i/U0/gt0_txresetfsm_i/time_out_counter_reg[13]/C is not reached by a timing clock
Related violations: <none>

TIMING-17#86 Critical Warning
Non-clocked sequential cell  
The clock pin gtwizard_0_main/gtwizard_0_support_i/gtwizard_0_init_i/U0/gt0_txresetfsm_i/time_out_counter_reg[14]/C is not reached by a timing clock
Related violations: <none>

TIMING-17#87 Critical Warning
Non-clocked sequential cell  
The clock pin gtwizard_0_main/gtwizard_0_support_i/gtwizard_0_init_i/U0/gt0_txresetfsm_i/time_out_counter_reg[15]/C is not reached by a timing clock
Related violations: <none>

TIMING-17#88 Critical Warning
Non-clocked sequential cell  
The clock pin gtwizard_0_main/gtwizard_0_support_i/gtwizard_0_init_i/U0/gt0_txresetfsm_i/time_out_counter_reg[16]/C is not reached by a timing clock
Related violations: <none>

TIMING-17#89 Critical Warning
Non-clocked sequential cell  
The clock pin gtwizard_0_main/gtwizard_0_support_i/gtwizard_0_init_i/U0/gt0_txresetfsm_i/time_out_counter_reg[1]/C is not reached by a timing clock
Related violations: <none>

TIMING-17#90 Critical Warning
Non-clocked sequential cell  
The clock pin gtwizard_0_main/gtwizard_0_support_i/gtwizard_0_init_i/U0/gt0_txresetfsm_i/time_out_counter_reg[2]/C is not reached by a timing clock
Related violations: <none>

TIMING-17#91 Critical Warning
Non-clocked sequential cell  
The clock pin gtwizard_0_main/gtwizard_0_support_i/gtwizard_0_init_i/U0/gt0_txresetfsm_i/time_out_counter_reg[3]/C is not reached by a timing clock
Related violations: <none>

TIMING-17#92 Critical Warning
Non-clocked sequential cell  
The clock pin gtwizard_0_main/gtwizard_0_support_i/gtwizard_0_init_i/U0/gt0_txresetfsm_i/time_out_counter_reg[4]/C is not reached by a timing clock
Related violations: <none>

TIMING-17#93 Critical Warning
Non-clocked sequential cell  
The clock pin gtwizard_0_main/gtwizard_0_support_i/gtwizard_0_init_i/U0/gt0_txresetfsm_i/time_out_counter_reg[5]/C is not reached by a timing clock
Related violations: <none>

TIMING-17#94 Critical Warning
Non-clocked sequential cell  
The clock pin gtwizard_0_main/gtwizard_0_support_i/gtwizard_0_init_i/U0/gt0_txresetfsm_i/time_out_counter_reg[6]/C is not reached by a timing clock
Related violations: <none>

TIMING-17#95 Critical Warning
Non-clocked sequential cell  
The clock pin gtwizard_0_main/gtwizard_0_support_i/gtwizard_0_init_i/U0/gt0_txresetfsm_i/time_out_counter_reg[7]/C is not reached by a timing clock
Related violations: <none>

TIMING-17#96 Critical Warning
Non-clocked sequential cell  
The clock pin gtwizard_0_main/gtwizard_0_support_i/gtwizard_0_init_i/U0/gt0_txresetfsm_i/time_out_counter_reg[8]/C is not reached by a timing clock
Related violations: <none>

TIMING-17#97 Critical Warning
Non-clocked sequential cell  
The clock pin gtwizard_0_main/gtwizard_0_support_i/gtwizard_0_init_i/U0/gt0_txresetfsm_i/time_out_counter_reg[9]/C is not reached by a timing clock
Related violations: <none>

TIMING-17#98 Critical Warning
Non-clocked sequential cell  
The clock pin gtwizard_0_main/gtwizard_0_support_i/gtwizard_0_init_i/U0/gt0_txresetfsm_i/time_out_wait_bypass_s3_reg/C is not reached by a timing clock
Related violations: <none>

TIMING-17#99 Critical Warning
Non-clocked sequential cell  
The clock pin gtwizard_0_main/gtwizard_0_support_i/gtwizard_0_init_i/U0/gt0_txresetfsm_i/time_tlock_max_reg/C is not reached by a timing clock
Related violations: <none>

TIMING-17#100 Critical Warning
Non-clocked sequential cell  
The clock pin gtwizard_0_main/gtwizard_0_support_i/gtwizard_0_init_i/U0/gt0_txresetfsm_i/tx_fsm_reset_done_int_reg/C is not reached by a timing clock
Related violations: <none>

TIMING-17#101 Critical Warning
Non-clocked sequential cell  
The clock pin gtwizard_0_main/gtwizard_0_support_i/gtwizard_0_init_i/U0/gt0_txresetfsm_i/txresetdone_s3_reg/C is not reached by a timing clock
Related violations: <none>

TIMING-17#102 Critical Warning
Non-clocked sequential cell  
The clock pin gtwizard_0_main/gtwizard_0_support_i/gtwizard_0_init_i/U0/gt0_txresetfsm_i/wait_time_cnt_reg[0]/C is not reached by a timing clock
Related violations: <none>

TIMING-17#103 Critical Warning
Non-clocked sequential cell  
The clock pin gtwizard_0_main/gtwizard_0_support_i/gtwizard_0_init_i/U0/gt0_txresetfsm_i/wait_time_cnt_reg[1]/C is not reached by a timing clock
Related violations: <none>

TIMING-17#104 Critical Warning
Non-clocked sequential cell  
The clock pin gtwizard_0_main/gtwizard_0_support_i/gtwizard_0_init_i/U0/gt0_txresetfsm_i/wait_time_cnt_reg[2]/C is not reached by a timing clock
Related violations: <none>

TIMING-17#105 Critical Warning
Non-clocked sequential cell  
The clock pin gtwizard_0_main/gtwizard_0_support_i/gtwizard_0_init_i/U0/gt0_txresetfsm_i/wait_time_cnt_reg[3]/C is not reached by a timing clock
Related violations: <none>

TIMING-17#106 Critical Warning
Non-clocked sequential cell  
The clock pin gtwizard_0_main/gtwizard_0_support_i/gtwizard_0_init_i/U0/gt0_txresetfsm_i/wait_time_cnt_reg[4]/C is not reached by a timing clock
Related violations: <none>

TIMING-17#107 Critical Warning
Non-clocked sequential cell  
The clock pin gtwizard_0_main/gtwizard_0_support_i/gtwizard_0_init_i/U0/gt0_txresetfsm_i/wait_time_cnt_reg[5]/C is not reached by a timing clock
Related violations: <none>

TIMING-17#108 Critical Warning
Non-clocked sequential cell  
The clock pin gtwizard_0_main/gtwizard_0_support_i/gtwizard_0_init_i/U0/gt0_txresetfsm_i/wait_time_cnt_reg[6]/C is not reached by a timing clock
Related violations: <none>

TIMING-17#109 Critical Warning
Non-clocked sequential cell  
The clock pin gtwizard_0_main/gtwizard_0_support_i/gtwizard_0_init_i/U0/gtwizard_0_i/cpll_railing0_i/cpllpd_wait_reg[31]_srl32/CLK is not reached by a timing clock
Related violations: <none>

TIMING-17#110 Critical Warning
Non-clocked sequential cell  
The clock pin gtwizard_0_main/gtwizard_0_support_i/gtwizard_0_init_i/U0/gtwizard_0_i/cpll_railing0_i/cpllpd_wait_reg[63]_srl32/CLK is not reached by a timing clock
Related violations: <none>

TIMING-17#111 Critical Warning
Non-clocked sequential cell  
The clock pin gtwizard_0_main/gtwizard_0_support_i/gtwizard_0_init_i/U0/gtwizard_0_i/cpll_railing0_i/cpllpd_wait_reg[94]_srl31/CLK is not reached by a timing clock
Related violations: <none>

TIMING-17#112 Critical Warning
Non-clocked sequential cell  
The clock pin gtwizard_0_main/gtwizard_0_support_i/gtwizard_0_init_i/U0/gtwizard_0_i/cpll_railing0_i/cpllpd_wait_reg[95]/C is not reached by a timing clock
Related violations: <none>

TIMING-17#113 Critical Warning
Non-clocked sequential cell  
The clock pin gtwizard_0_main/gtwizard_0_support_i/gtwizard_0_init_i/U0/gtwizard_0_i/cpll_railing0_i/cpllreset_wait_reg[126]_srl31/CLK is not reached by a timing clock
Related violations: <none>

TIMING-17#114 Critical Warning
Non-clocked sequential cell  
The clock pin gtwizard_0_main/gtwizard_0_support_i/gtwizard_0_init_i/U0/gtwizard_0_i/cpll_railing0_i/cpllreset_wait_reg[127]/C is not reached by a timing clock
Related violations: <none>

TIMING-17#115 Critical Warning
Non-clocked sequential cell  
The clock pin gtwizard_0_main/gtwizard_0_support_i/gtwizard_0_init_i/U0/gtwizard_0_i/cpll_railing0_i/cpllreset_wait_reg[31]_srl32/CLK is not reached by a timing clock
Related violations: <none>

TIMING-17#116 Critical Warning
Non-clocked sequential cell  
The clock pin gtwizard_0_main/gtwizard_0_support_i/gtwizard_0_init_i/U0/gtwizard_0_i/cpll_railing0_i/cpllreset_wait_reg[63]_srl32/CLK is not reached by a timing clock
Related violations: <none>

TIMING-17#117 Critical Warning
Non-clocked sequential cell  
The clock pin gtwizard_0_main/gtwizard_0_support_i/gtwizard_0_init_i/U0/gtwizard_0_i/cpll_railing0_i/cpllreset_wait_reg[95]_srl32/CLK is not reached by a timing clock
Related violations: <none>

TIMING-17#118 Critical Warning
Non-clocked sequential cell  
The clock pin led_output_reg/C is not reached by a timing clock
Related violations: <none>

TIMING-25#1 Critical Warning
Invalid clock waveform on gigabit transceiver (GT)  
The waveform of the user clock gtwizard_0_main/gtwizard_0_support_i/gtwizard_0_init_i/U0/gtwizard_0_i/gt0_gtwizard_0_i/gtxe2_i/TXOUTCLK defined on the transceiver output pin gtwizard_0_main/gtwizard_0_support_i/gtwizard_0_init_i/U0/gtwizard_0_i/gt0_gtwizard_0_i/gtxe2_i/TXOUTCLK or on the net connected to that pin is not consistent with the transceiver settings. The auto-derived clock period is UNDEFINED and the user-defined clock period is 8.000. The expected clock waveform is computed based on the GT settings and the incoming clock to the transceiver. It is recommended to check that there are no missing clocks to the GT and that all the transceiver settings are correct
Related violations: <none>

TIMING-18#1 Warning
Missing input or output delay  
An output delay is missing on GPIO_LED_0 relative to clock(s) gtwizard_0_main/gtwizard_0_support_i/gtwizard_0_init_i/U0/gtwizard_0_i/gt0_gtwizard_0_i/gtxe2_i/TXOUTCLK
Related violations: <none>


