Copyright 1986-2021 Xilinx, Inc. All Rights Reserved.
---------------------------------------------------------------------------------------------
| Tool Version : Vivado v.2021.2 (win64) Build 3367213 Tue Oct 19 02:48:09 MDT 2021
| Date         : Fri May 12 15:56:02 2023
| Host         : LAPTOP-UAA2KK37 running 64-bit major release  (build 9200)
| Command      : report_clock_utilization -file top_input_clock_clock_utilization_routed.rpt
| Design       : top_input_clock
| Device       : 7z045-ffg900
| Speed File   : -2  PRODUCTION 1.12 2019-11-22
| Design State : Routed
---------------------------------------------------------------------------------------------

Clock Utilization Report

Table of Contents
-----------------
1. Clock Primitive Utilization
2. Global Clock Resources
3. Global Clock Source Details
4. Clock Regions: Key Resource Utilization
5. Clock Regions : Global Clock Summary
6. Device Cell Placement Summary for Global Clock g0
7. Device Cell Placement Summary for Global Clock g1
8. Device Cell Placement Summary for Global Clock g2
9. Device Cell Placement Summary for Global Clock g3
10. Device Cell Placement Summary for Global Clock g4
11. Clock Region Cell Placement per Global Clock: Region X0Y0
12. Clock Region Cell Placement per Global Clock: Region X0Y1
13. Clock Region Cell Placement per Global Clock: Region X0Y2
14. Clock Region Cell Placement per Global Clock: Region X1Y2
15. Clock Region Cell Placement per Global Clock: Region X0Y6

1. Clock Primitive Utilization
------------------------------

+----------+------+-----------+-----+--------------+--------+
| Type     | Used | Available | LOC | Clock Region | Pblock |
+----------+------+-----------+-----+--------------+--------+
| BUFGCTRL |    4 |        32 |   0 |            0 |      0 |
| BUFH     |    1 |       168 |   0 |            0 |      0 |
| BUFIO    |    0 |        32 |   0 |            0 |      0 |
| BUFMR    |    0 |        16 |   0 |            0 |      0 |
| BUFR     |    0 |        32 |   0 |            0 |      0 |
| MMCM     |    1 |         8 |   0 |            0 |      0 |
| PLL      |    0 |         8 |   0 |            0 |      0 |
+----------+------+-----------+-----+--------------+--------+


2. Global Clock Resources
-------------------------

+-----------+-----------+-----------------+------------+----------------+--------------+-------------------+-------------+-----------------+--------------+----------------------------------------------------------------------------------------------------------+-------------------------------------------------------------------------------------------------------------------+---------------------------------------------------------------------------------------------------------------------+
| Global Id | Source Id | Driver Type/Pin | Constraint | Site           | Clock Region | Load Clock Region | Clock Loads | Non-Clock Loads | Clock Period | Clock                                                                                                    | Driver Pin                                                                                                        | Net                                                                                                                 |
+-----------+-----------+-----------------+------------+----------------+--------------+-------------------+-------------+-----------------+--------------+----------------------------------------------------------------------------------------------------------+-------------------------------------------------------------------------------------------------------------------+---------------------------------------------------------------------------------------------------------------------+
| g0        | src0      | BUFG/O          | None       | BUFGCTRL_X0Y16 | n/a          |                 1 |          83 |               0 |              |                                                                                                          | gtwizard_0_main/DRP_CLK_BUFG/O                                                                                    | gtwizard_0_main/drpclk_in_i                                                                                         |
| g1        | src1      | BUFG/O          | None       | BUFGCTRL_X0Y0  | n/a          |                 1 |          48 |               0 |        8.000 | gtwizard_0_main/gtwizard_0_support_i/gtwizard_0_init_i/U0/gtwizard_0_i/gt0_gtwizard_0_i/gtxe2_i/TXOUTCLK | gtwizard_0_main/gtwizard_0_support_i/gt_usrclk_source/txoutclk_bufg0_i/O                                          | gtwizard_0_main/gtwizard_0_support_i/gt_usrclk_source/GT0_TXUSRCLK_OUT                                              |
| g2        | src2      | BUFG/O          | None       | BUFGCTRL_X0Y17 | n/a          |                 2 |          29 |               1 |              |                                                                                                          | clkout_200MHz_BUFG_inst/O                                                                                         | clkout_200MHz_BUFG                                                                                                  |
| g3        | src3      | BUFH/O          | None       | BUFHCE_X0Y12   | X0Y1         |                 1 |           9 |               0 |              |                                                                                                          | gtwizard_0_main/gtwizard_0_support_i/gtwizard_0_init_i/U0/gtwizard_0_i/cpll_railing0_i/use_bufh_cpll.refclk_buf/O | gtwizard_0_main/gtwizard_0_support_i/gtwizard_0_init_i/U0/gtwizard_0_i/cpll_railing0_i/use_bufh_cpll.refclk_buf_n_0 |
| g4        | src4      | BUFG/O          | None       | BUFGCTRL_X0Y18 | n/a          |                 1 |           1 |               0 |       20.000 | clk_fpga_0                                                                                               | zynq_inst/zynq_processor_i/processing_system7_0/inst/buffer_fclk_clk_0.FCLK_CLK_0_BUFG/O                          | zynq_inst/zynq_processor_i/processing_system7_0/inst/FCLK_CLK0                                                      |
+-----------+-----------+-----------------+------------+----------------+--------------+-------------------+-------------+-----------------+--------------+----------------------------------------------------------------------------------------------------------+-------------------------------------------------------------------------------------------------------------------+---------------------------------------------------------------------------------------------------------------------+
* Clock Loads column represents the clock pin loads (pin count)
** Non-Clock Loads column represents the non-clock pin loads (pin count)


3. Global Clock Source Details
------------------------------

+-----------+-----------+------------------------+--------------------+--------------------+--------------+-------------+-----------------+---------------------+----------------------------------------------------------------------------------------------------------+----------------------------------------------------------------------------------------------------------+----------------------------------------------------------------------------------------------------------+
| Source Id | Global Id | Driver Type/Pin        | Constraint         | Site               | Clock Region | Clock Loads | Non-Clock Loads | Source Clock Period | Source Clock                                                                                             | Driver Pin                                                                                               | Net                                                                                                      |
+-----------+-----------+------------------------+--------------------+--------------------+--------------+-------------+-----------------+---------------------+----------------------------------------------------------------------------------------------------------+----------------------------------------------------------------------------------------------------------+----------------------------------------------------------------------------------------------------------+
| src0      | g0        | MMCME2_ADV/CLKOUT2     | None               | MMCME2_ADV_X1Y5    | X1Y5         |           1 |               0 |                     |                                                                                                          | MMCME2_BASE_inst_60/CLKOUT2                                                                              | clkout_60MHz                                                                                             |
| src1      | g1        | GTXE2_CHANNEL/TXOUTCLK | GTXE2_CHANNEL_X0Y9 | GTXE2_CHANNEL_X0Y9 | X1Y2         |           1 |               0 |               8.000 | gtwizard_0_main/gtwizard_0_support_i/gtwizard_0_init_i/U0/gtwizard_0_i/gt0_gtwizard_0_i/gtxe2_i/TXOUTCLK | gtwizard_0_main/gtwizard_0_support_i/gtwizard_0_init_i/U0/gtwizard_0_i/gt0_gtwizard_0_i/gtxe2_i/TXOUTCLK | gtwizard_0_main/gtwizard_0_support_i/gtwizard_0_init_i/U0/gtwizard_0_i/gt0_gtwizard_0_i/gt0_txoutclk_out |
| src2      | g2        | MMCME2_ADV/CLKOUT3     | None               | MMCME2_ADV_X1Y5    | X1Y5         |           1 |               0 |                     |                                                                                                          | MMCME2_BASE_inst_60/CLKOUT3                                                                              | clkout_200MHz                                                                                            |
| src3      | g3        | IBUFDS_GTE2/O          | IBUFDS_GTE2_X0Y3   | IBUFDS_GTE2_X0Y3   | X1Y1         |           2 |               0 |                     |                                                                                                          | gtwizard_0_main/gtwizard_0_support_i/gt_usrclk_source/ibufds_instq0_clk1/O                               | gtwizard_0_main/gtwizard_0_support_i/gt_usrclk_source/Q0_CLK1_GTREFCLK_OUT                               |
| src4      | g4        | PS7/FCLKCLK[0]         | PS7_X0Y0           | PS7_X0Y0           | X0Y6         |           1 |               0 |              20.000 | clk_fpga_0                                                                                               | zynq_inst/zynq_processor_i/processing_system7_0/inst/PS7_i/FCLKCLK[0]                                    | zynq_inst/zynq_processor_i/processing_system7_0/inst/FCLK_CLK_unbuffered[0]                              |
+-----------+-----------+------------------------+--------------------+--------------------+--------------+-------------+-----------------+---------------------+----------------------------------------------------------------------------------------------------------+----------------------------------------------------------------------------------------------------------+----------------------------------------------------------------------------------------------------------+
* Clock Loads column represents the clock pin loads (pin count)
** Non-Clock Loads column represents the non-clock pin loads (pin count)


4. Clock Regions: Key Resource Utilization
------------------------------------------

+-------------------+--------------+--------------+--------------+--------------+--------------+--------------+--------------+--------------+--------------+--------------+--------------+--------------+--------------+--------------+--------------+
|                   | Global Clock |     BUFRs    |    BUFMRs    |    BUFIOs    |     MMCM     |      PLL     |      GT      |      PCI     |    ILOGIC    |    OLOGIC    |      FF      |     LUTM     |    RAMB18    |    RAMB36    |    DSP48E2   |
+-------------------+------+-------+------+-------+------+-------+------+-------+------+-------+------+-------+------+-------+------+-------+------+-------+------+-------+------+-------+------+-------+------+-------+------+-------+------+-------+
| Clock Region Name | Used | Avail | Used | Avail | Used | Avail | Used | Avail | Used | Avail | Used | Avail | Used | Avail | Used | Avail | Used | Avail | Used | Avail | Used | Avail | Used | Avail | Used | Avail | Used | Avail | Used | Avail |
+-------------------+------+-------+------+-------+------+-------+------+-------+------+-------+------+-------+------+-------+------+-------+------+-------+------+-------+------+-------+------+-------+------+-------+------+-------+------+-------+
| X0Y0              |    1 |    12 |    0 |     4 |    0 |     2 |    0 |     4 |    0 |     1 |    0 |     1 |    0 |     0 |    0 |     0 |    0 |    50 |    0 |    50 |    0 |  4500 |    0 |  1600 |    0 |    80 |    0 |    40 |    0 |    80 |
| X1Y0              |    0 |    12 |    0 |     0 |    0 |     0 |    0 |     0 |    0 |     0 |    0 |     0 |    0 |     4 |    0 |     0 |    0 |     0 |    0 |     0 |    0 |  3700 |    0 |  1050 |    0 |    80 |    0 |    40 |    0 |    60 |
| X0Y1              |    1 |    12 |    0 |     4 |    0 |     2 |    0 |     4 |    0 |     1 |    0 |     1 |    0 |     0 |    0 |     0 |    0 |    50 |    0 |    50 |    2 |  4500 |    9 |  1600 |    0 |    80 |    0 |    40 |    0 |    80 |
| X1Y1              |    0 |    12 |    0 |     0 |    0 |     0 |    0 |     0 |    0 |     0 |    0 |     0 |    0 |     4 |    0 |     0 |    0 |     0 |    0 |     0 |    0 |  3700 |    0 |  1050 |    0 |    80 |    0 |    40 |    0 |    60 |
| X0Y2              |    1 |    12 |    0 |     4 |    0 |     2 |    0 |     4 |    0 |     1 |    0 |     1 |    0 |     0 |    0 |     0 |    0 |    50 |    0 |    50 |   29 |  4500 |   27 |  1600 |    0 |    80 |    0 |    40 |    0 |    80 |
| X1Y2              |    2 |    12 |    0 |     0 |    0 |     0 |    0 |     0 |    0 |     0 |    0 |     0 |    1 |     4 |    0 |     0 |    0 |     0 |    0 |     0 |  126 |  3700 |   39 |  1050 |    0 |    80 |    0 |    40 |    0 |    60 |
| X0Y3              |    0 |    12 |    0 |     4 |    0 |     2 |    0 |     4 |    0 |     1 |    0 |     1 |    0 |     0 |    0 |     0 |    0 |    50 |    0 |    50 |    0 |  4500 |    0 |  1600 |    0 |    80 |    0 |    40 |    0 |    80 |
| X1Y3              |    0 |    12 |    0 |     0 |    0 |     0 |    0 |     0 |    0 |     0 |    0 |     0 |    0 |     4 |    0 |     1 |    0 |     0 |    0 |     0 |    0 |  3550 |    0 |  1000 |    0 |    70 |    0 |    35 |    0 |    60 |
| X0Y4              |    0 |    12 |    0 |     4 |    0 |     2 |    0 |     4 |    0 |     1 |    0 |     1 |    0 |     0 |    0 |     0 |    0 |    50 |    0 |    50 |    0 |  4500 |    0 |  1600 |    0 |    80 |    0 |    40 |    0 |    80 |
| X1Y4              |    0 |    12 |    0 |     4 |    0 |     2 |    0 |     4 |    0 |     1 |    0 |     1 |    0 |     0 |    0 |     0 |    0 |    50 |    0 |    50 |    0 |  4100 |    0 |  1150 |    0 |   100 |    0 |    50 |    0 |    60 |
| X0Y5              |    0 |    12 |    0 |     0 |    0 |     0 |    0 |     0 |    0 |     0 |    0 |     0 |    0 |     0 |    0 |     0 |    0 |     0 |    0 |     0 |    0 |  3200 |    0 |  1000 |    0 |    40 |    0 |    20 |    0 |    40 |
| X1Y5              |    0 |    12 |    0 |     4 |    0 |     2 |    0 |     4 |    0 |     1 |    0 |     1 |    0 |     0 |    0 |     0 |    0 |    50 |    0 |    50 |    0 |  3500 |    0 |  1150 |    0 |   100 |    0 |    50 |    0 |    60 |
| X0Y6              |    1 |    12 |    0 |     0 |    0 |     0 |    0 |     0 |    0 |     0 |    0 |     0 |    0 |     0 |    0 |     0 |    0 |     0 |    0 |     0 |    0 |  3200 |    0 |  1000 |    0 |    40 |    0 |    20 |    0 |    40 |
| X1Y6              |    0 |    12 |    0 |     4 |    0 |     2 |    0 |     4 |    0 |     1 |    0 |     1 |    0 |     0 |    0 |     0 |    0 |    50 |    0 |    50 |    0 |  3500 |    0 |  1150 |    0 |   100 |    0 |    50 |    0 |    60 |
+-------------------+------+-------+------+-------+------+-------+------+-------+------+-------+------+-------+------+-------+------+-------+------+-------+------+-------+------+-------+------+-------+------+-------+------+-------+------+-------+
* Global Clock column represents track count; while other columns represents cell counts


5. Clock Regions : Global Clock Summary
---------------------------------------

All Modules
+----+----+----+
|    | X0 | X1 |
+----+----+----+
| Y6 |  1 |  0 |
| Y5 |  0 |  0 |
| Y4 |  0 |  0 |
| Y3 |  0 |  0 |
| Y2 |  1 |  2 |
| Y1 |  1 |  0 |
| Y0 |  1 |  0 |
+----+----+----+


6. Device Cell Placement Summary for Global Clock g0
----------------------------------------------------

+-----------+-----------------+-------------------+-------+-------------+---------------+-------------+----------+----------------+----------+-----------------------------+
| Global Id | Driver Type/Pin | Driver Region (D) | Clock | Period (ns) | Waveform (ns) | Slice Loads | IO Loads | Clocking Loads | GT Loads | Net                         |
+-----------+-----------------+-------------------+-------+-------------+---------------+-------------+----------+----------------+----------+-----------------------------+
| g0        | BUFG/O          | n/a               |       |             |               |          80 |        0 |              0 |        2 | gtwizard_0_main/drpclk_in_i |
+-----------+-----------------+-------------------+-------+-------------+---------------+-------------+----------+----------------+----------+-----------------------------+
* Slice Loads column represents load cell count of all cell types other than IO, GT and clock resources
** IO Loads column represents load cell count of IO types
*** Clocking Loads column represents load cell count that are clock resources (global clock buffer, MMCM, PLL, etc)
**** GT Loads column represents load cell count of GT types


+----+----+-----+-----------------------+
|    | X0 | X1  | HORIZONTAL PROG DELAY |
+----+----+-----+-----------------------+
| Y6 |  0 |   0 |                     - |
| Y5 |  0 |   0 |                     - |
| Y4 |  0 |   0 |                     - |
| Y3 |  0 |   0 |                     - |
| Y2 |  0 |  82 |                     0 |
| Y1 |  0 |   0 |                     - |
| Y0 |  0 |   0 |                     - |
+----+----+-----+-----------------------+


7. Device Cell Placement Summary for Global Clock g1
----------------------------------------------------

+-----------+-----------------+-------------------+----------------------------------------------------------------------------------------------------------+-------------+---------------+-------------+----------+----------------+----------+------------------------------------------------------------------------+
| Global Id | Driver Type/Pin | Driver Region (D) | Clock                                                                                                    | Period (ns) | Waveform (ns) | Slice Loads | IO Loads | Clocking Loads | GT Loads | Net                                                                    |
+-----------+-----------------+-------------------+----------------------------------------------------------------------------------------------------------+-------------+---------------+-------------+----------+----------------+----------+------------------------------------------------------------------------+
| g1        | BUFG/O          | n/a               | gtwizard_0_main/gtwizard_0_support_i/gtwizard_0_init_i/U0/gtwizard_0_i/gt0_gtwizard_0_i/gtxe2_i/TXOUTCLK |       8.000 | {0.000 4.000} |          46 |        0 |              0 |        1 | gtwizard_0_main/gtwizard_0_support_i/gt_usrclk_source/GT0_TXUSRCLK_OUT |
+-----------+-----------------+-------------------+----------------------------------------------------------------------------------------------------------+-------------+---------------+-------------+----------+----------------+----------+------------------------------------------------------------------------+
* Slice Loads column represents load cell count of all cell types other than IO, GT and clock resources
** IO Loads column represents load cell count of IO types
*** Clocking Loads column represents load cell count that are clock resources (global clock buffer, MMCM, PLL, etc)
**** GT Loads column represents load cell count of GT types


+----+----+-----+-----------------------+
|    | X0 | X1  | HORIZONTAL PROG DELAY |
+----+----+-----+-----------------------+
| Y6 |  0 |   0 |                     - |
| Y5 |  0 |   0 |                     - |
| Y4 |  0 |   0 |                     - |
| Y3 |  0 |   0 |                     - |
| Y2 |  0 |  47 |                     0 |
| Y1 |  0 |   0 |                     - |
| Y0 |  0 |   0 |                     - |
+----+----+-----+-----------------------+


8. Device Cell Placement Summary for Global Clock g2
----------------------------------------------------

+-----------+-----------------+-------------------+-------+-------------+---------------+-------------+----------+----------------+----------+--------------------+
| Global Id | Driver Type/Pin | Driver Region (D) | Clock | Period (ns) | Waveform (ns) | Slice Loads | IO Loads | Clocking Loads | GT Loads | Net                |
+-----------+-----------------+-------------------+-------+-------------+---------------+-------------+----------+----------------+----------+--------------------+
| g2        | BUFG/O          | n/a               |       |             |               |          29 |        1 |              0 |        0 | clkout_200MHz_BUFG |
+-----------+-----------------+-------------------+-------+-------------+---------------+-------------+----------+----------------+----------+--------------------+
* Slice Loads column represents load cell count of all cell types other than IO, GT and clock resources
** IO Loads column represents load cell count of IO types
*** Clocking Loads column represents load cell count that are clock resources (global clock buffer, MMCM, PLL, etc)
**** GT Loads column represents load cell count of GT types


+----+-----+----+-----------------------+
|    | X0  | X1 | HORIZONTAL PROG DELAY |
+----+-----+----+-----------------------+
| Y6 |   0 |  0 |                     - |
| Y5 |   0 |  0 |                     - |
| Y4 |   0 |  0 |                     - |
| Y3 |   0 |  0 |                     - |
| Y2 |  29 |  0 |                     0 |
| Y1 |   0 |  0 |                     - |
| Y0 |   1 |  0 |                     0 |
+----+-----+----+-----------------------+


9. Device Cell Placement Summary for Global Clock g3
----------------------------------------------------

+-----------+-----------------+-------------------+-------+-------------+---------------+-------------+----------+----------------+----------+---------------------------------------------------------------------------------------------------------------------+
| Global Id | Driver Type/Pin | Driver Region (D) | Clock | Period (ns) | Waveform (ns) | Slice Loads | IO Loads | Clocking Loads | GT Loads | Net                                                                                                                 |
+-----------+-----------------+-------------------+-------+-------------+---------------+-------------+----------+----------------+----------+---------------------------------------------------------------------------------------------------------------------+
| g3        | BUFH/O          | X0Y1              |       |             |               |           9 |        0 |              0 |        0 | gtwizard_0_main/gtwizard_0_support_i/gtwizard_0_init_i/U0/gtwizard_0_i/cpll_railing0_i/use_bufh_cpll.refclk_buf_n_0 |
+-----------+-----------------+-------------------+-------+-------------+---------------+-------------+----------+----------------+----------+---------------------------------------------------------------------------------------------------------------------+
* Slice Loads column represents load cell count of all cell types other than IO, GT and clock resources
** IO Loads column represents load cell count of IO types
*** Clocking Loads column represents load cell count that are clock resources (global clock buffer, MMCM, PLL, etc)
**** GT Loads column represents load cell count of GT types


+----+--------+----+-----------------------+
|    | X0     | X1 | HORIZONTAL PROG DELAY |
+----+--------+----+-----------------------+
| Y6 |      0 |  0 |                     - |
| Y5 |      0 |  0 |                     - |
| Y4 |      0 |  0 |                     - |
| Y3 |      0 |  0 |                     - |
| Y2 |      0 |  0 |                     - |
| Y1 |  (D) 9 |  0 |                     0 |
| Y0 |      0 |  0 |                     - |
+----+--------+----+-----------------------+


10. Device Cell Placement Summary for Global Clock g4
-----------------------------------------------------

+-----------+-----------------+-------------------+------------+-------------+----------------+-------------+----------+----------------+----------+----------------------------------------------------------------+
| Global Id | Driver Type/Pin | Driver Region (D) | Clock      | Period (ns) | Waveform (ns)  | Slice Loads | IO Loads | Clocking Loads | GT Loads | Net                                                            |
+-----------+-----------------+-------------------+------------+-------------+----------------+-------------+----------+----------------+----------+----------------------------------------------------------------+
| g4        | BUFG/O          | n/a               | clk_fpga_0 |      20.000 | {0.000 10.000} |           1 |        0 |              0 |        0 | zynq_inst/zynq_processor_i/processing_system7_0/inst/FCLK_CLK0 |
+-----------+-----------------+-------------------+------------+-------------+----------------+-------------+----------+----------------+----------+----------------------------------------------------------------+
* Slice Loads column represents load cell count of all cell types other than IO, GT and clock resources
** IO Loads column represents load cell count of IO types
*** Clocking Loads column represents load cell count that are clock resources (global clock buffer, MMCM, PLL, etc)
**** GT Loads column represents load cell count of GT types


+----+----+----+-----------------------+
|    | X0 | X1 | HORIZONTAL PROG DELAY |
+----+----+----+-----------------------+
| Y6 |  1 |  0 |                     0 |
| Y5 |  0 |  0 |                     - |
| Y4 |  0 |  0 |                     - |
| Y3 |  0 |  0 |                     - |
| Y2 |  0 |  0 |                     - |
| Y1 |  0 |  0 |                     - |
| Y0 |  0 |  0 |                     - |
+----+----+----+-----------------------+


11. Clock Region Cell Placement per Global Clock: Region X0Y0
-------------------------------------------------------------

+-----------+-------+-----------------+------------+-------------+-----------------+----+-------------+------+-----+----+------+-----+---------+--------------------+
| Global Id | Track | Driver Type/Pin | Constraint | Clock Loads | Non-Clock Loads | FF | Memory LUTs | RAMB | DSP | GT | MMCM | PLL | Hard IP | Net                |
+-----------+-------+-----------------+------------+-------------+-----------------+----+-------------+------+-----+----+------+-----+---------+--------------------+
| g2        | n/a   | BUFG/O          | None       |           0 |               1 |  0 |           0 |    0 |   0 |  0 |    0 |   0 |       0 | clkout_200MHz_BUFG |
+-----------+-------+-----------------+------------+-------------+-----------------+----+-------------+------+-----+----+------+-----+---------+--------------------+
* Clock Loads column represents the clock pin loads (pin count)
** Non-Clock Loads column represents the non-clock pin loads (pin count)
*** Columns FF, LUTRAM, RAMB through 'Hard IP' represents load cell counts


12. Clock Region Cell Placement per Global Clock: Region X0Y1
-------------------------------------------------------------

+-----------+-------+-----------------+------------+-------------+-----------------+----+-------------+------+-----+----+------+-----+---------+---------------------------------------------------------------------------------------------------------------------+
| Global Id | Track | Driver Type/Pin | Constraint | Clock Loads | Non-Clock Loads | FF | Memory LUTs | RAMB | DSP | GT | MMCM | PLL | Hard IP | Net                                                                                                                 |
+-----------+-------+-----------------+------------+-------------+-----------------+----+-------------+------+-----+----+------+-----+---------+---------------------------------------------------------------------------------------------------------------------+
| g3        | n/a   | BUFH/O          | None       |           9 |               0 |  2 |           7 |    0 |   0 |  0 |    0 |   0 |       0 | gtwizard_0_main/gtwizard_0_support_i/gtwizard_0_init_i/U0/gtwizard_0_i/cpll_railing0_i/use_bufh_cpll.refclk_buf_n_0 |
+-----------+-------+-----------------+------------+-------------+-----------------+----+-------------+------+-----+----+------+-----+---------+---------------------------------------------------------------------------------------------------------------------+
* Clock Loads column represents the clock pin loads (pin count)
** Non-Clock Loads column represents the non-clock pin loads (pin count)
*** Columns FF, LUTRAM, RAMB through 'Hard IP' represents load cell counts


13. Clock Region Cell Placement per Global Clock: Region X0Y2
-------------------------------------------------------------

+-----------+-------+-----------------+------------+-------------+-----------------+----+-------------+------+-----+----+------+-----+---------+--------------------+
| Global Id | Track | Driver Type/Pin | Constraint | Clock Loads | Non-Clock Loads | FF | Memory LUTs | RAMB | DSP | GT | MMCM | PLL | Hard IP | Net                |
+-----------+-------+-----------------+------------+-------------+-----------------+----+-------------+------+-----+----+------+-----+---------+--------------------+
| g2        | n/a   | BUFG/O          | None       |          29 |               0 | 29 |           0 |    0 |   0 |  0 |    0 |   0 |       0 | clkout_200MHz_BUFG |
+-----------+-------+-----------------+------------+-------------+-----------------+----+-------------+------+-----+----+------+-----+---------+--------------------+
* Clock Loads column represents the clock pin loads (pin count)
** Non-Clock Loads column represents the non-clock pin loads (pin count)
*** Columns FF, LUTRAM, RAMB through 'Hard IP' represents load cell counts


14. Clock Region Cell Placement per Global Clock: Region X1Y2
-------------------------------------------------------------

+-----------+-------+-----------------+------------+-------------+-----------------+----+-------------+------+-----+----+------+-----+---------+------------------------------------------------------------------------+
| Global Id | Track | Driver Type/Pin | Constraint | Clock Loads | Non-Clock Loads | FF | Memory LUTs | RAMB | DSP | GT | MMCM | PLL | Hard IP | Net                                                                    |
+-----------+-------+-----------------+------------+-------------+-----------------+----+-------------+------+-----+----+------+-----+---------+------------------------------------------------------------------------+
| g0        | n/a   | BUFG/O          | None       |          82 |               0 | 80 |           0 |    0 |   0 |  1 |    0 |   0 |       0 | gtwizard_0_main/drpclk_in_i                                            |
| g1        | n/a   | BUFG/O          | None       |          47 |               0 | 46 |           0 |    0 |   0 |  1 |    0 |   0 |       0 | gtwizard_0_main/gtwizard_0_support_i/gt_usrclk_source/GT0_TXUSRCLK_OUT |
+-----------+-------+-----------------+------------+-------------+-----------------+----+-------------+------+-----+----+------+-----+---------+------------------------------------------------------------------------+
* Clock Loads column represents the clock pin loads (pin count)
** Non-Clock Loads column represents the non-clock pin loads (pin count)
*** Columns FF, LUTRAM, RAMB through 'Hard IP' represents load cell counts


15. Clock Region Cell Placement per Global Clock: Region X0Y6
-------------------------------------------------------------

+-----------+-------+-----------------+------------+-------------+-----------------+----+-------------+------+-----+----+------+-----+---------+----------------------------------------------------------------+
| Global Id | Track | Driver Type/Pin | Constraint | Clock Loads | Non-Clock Loads | FF | Memory LUTs | RAMB | DSP | GT | MMCM | PLL | Hard IP | Net                                                            |
+-----------+-------+-----------------+------------+-------------+-----------------+----+-------------+------+-----+----+------+-----+---------+----------------------------------------------------------------+
| g4        | n/a   | BUFG/O          | None       |           1 |               0 |  0 |           0 |    0 |   0 |  0 |    0 |   0 |       0 | zynq_inst/zynq_processor_i/processing_system7_0/inst/FCLK_CLK0 |
+-----------+-------+-----------------+------------+-------------+-----------------+----+-------------+------+-----+----+------+-----+---------+----------------------------------------------------------------+
* Clock Loads column represents the clock pin loads (pin count)
** Non-Clock Loads column represents the non-clock pin loads (pin count)
*** Columns FF, LUTRAM, RAMB through 'Hard IP' represents load cell counts



# Location of BUFG Primitives 
set_property LOC BUFGCTRL_X0Y18 [get_cells zynq_inst/zynq_processor_i/processing_system7_0/inst/buffer_fclk_clk_0.FCLK_CLK_0_BUFG]
set_property LOC BUFGCTRL_X0Y0 [get_cells gtwizard_0_main/gtwizard_0_support_i/gt_usrclk_source/txoutclk_bufg0_i]
set_property LOC BUFGCTRL_X0Y16 [get_cells gtwizard_0_main/DRP_CLK_BUFG]
set_property LOC BUFGCTRL_X0Y17 [get_cells clkout_200MHz_BUFG_inst]

# Location of BUFH Primitives 
set_property LOC BUFHCE_X0Y12 [get_cells gtwizard_0_main/gtwizard_0_support_i/gtwizard_0_init_i/U0/gtwizard_0_i/cpll_railing0_i/use_bufh_cpll.refclk_buf]

# Location of IO Primitives which is load of clock spine
set_property LOC IOB_X0Y12 [get_cells q0_CLK_OBUFDS]

# Location of clock ports
set_property LOC IPAD_X1Y41 [get_ports SI5324_OUT_C_N]
set_property LOC IPAD_X1Y40 [get_ports SI5324_OUT_C_P]
set_property LOC IOB_X1Y273 [get_ports SYSCLK_N]
set_property LOC IOB_X1Y274 [get_ports SYSCLK_P]

# Clock net "zynq_inst/zynq_processor_i/processing_system7_0/inst/FCLK_CLK0" driven by instance "zynq_inst/zynq_processor_i/processing_system7_0/inst/buffer_fclk_clk_0.FCLK_CLK_0_BUFG" located at site "BUFGCTRL_X0Y18"
#startgroup
create_pblock {CLKAG_zynq_inst/zynq_processor_i/processing_system7_0/inst/FCLK_CLK0}
add_cells_to_pblock [get_pblocks  {CLKAG_zynq_inst/zynq_processor_i/processing_system7_0/inst/FCLK_CLK0}] [get_cells -filter { PRIMITIVE_GROUP != I/O && IS_PRIMITIVE==1 && PRIMITIVE_LEVEL !=INTERNAL } -of_object [get_pins -filter {DIRECTION==IN} -of_objects [get_nets -hierarchical -filter {PARENT=="zynq_inst/zynq_processor_i/processing_system7_0/inst/FCLK_CLK0"}]]]
resize_pblock [get_pblocks {CLKAG_zynq_inst/zynq_processor_i/processing_system7_0/inst/FCLK_CLK0}] -add {CLOCKREGION_X0Y6:CLOCKREGION_X0Y6}
#endgroup

# Clock net "gtwizard_0_main/gtwizard_0_support_i/gtwizard_0_init_i/U0/gtwizard_0_i/cpll_railing0_i/use_bufh_cpll.refclk_buf_n_0" driven by instance "gtwizard_0_main/gtwizard_0_support_i/gtwizard_0_init_i/U0/gtwizard_0_i/cpll_railing0_i/use_bufh_cpll.refclk_buf" located at site "BUFHCE_X0Y12"
#startgroup
create_pblock {CLKAG_gtwizard_0_main/gtwizard_0_support_i/gtwizard_0_init_i/U0/gtwizard_0_i/cpll_railing0_i/use_bufh_cpll.refclk_buf_n_0}
add_cells_to_pblock [get_pblocks  {CLKAG_gtwizard_0_main/gtwizard_0_support_i/gtwizard_0_init_i/U0/gtwizard_0_i/cpll_railing0_i/use_bufh_cpll.refclk_buf_n_0}] [get_cells -filter { PRIMITIVE_GROUP != I/O && IS_PRIMITIVE==1 && PRIMITIVE_LEVEL !=INTERNAL } -of_object [get_pins -filter {DIRECTION==IN} -of_objects [get_nets -hierarchical -filter {PARENT=="gtwizard_0_main/gtwizard_0_support_i/gtwizard_0_init_i/U0/gtwizard_0_i/cpll_railing0_i/use_bufh_cpll.refclk_buf_n_0"}]]]
resize_pblock [get_pblocks {CLKAG_gtwizard_0_main/gtwizard_0_support_i/gtwizard_0_init_i/U0/gtwizard_0_i/cpll_railing0_i/use_bufh_cpll.refclk_buf_n_0}] -add {CLOCKREGION_X0Y1:CLOCKREGION_X0Y1}
#endgroup

# Clock net "gtwizard_0_main/gtwizard_0_support_i/gt_usrclk_source/GT0_TXUSRCLK_OUT" driven by instance "gtwizard_0_main/gtwizard_0_support_i/gt_usrclk_source/txoutclk_bufg0_i" located at site "BUFGCTRL_X0Y0"
#startgroup
create_pblock {CLKAG_gtwizard_0_main/gtwizard_0_support_i/gt_usrclk_source/GT0_TXUSRCLK_OUT}
add_cells_to_pblock [get_pblocks  {CLKAG_gtwizard_0_main/gtwizard_0_support_i/gt_usrclk_source/GT0_TXUSRCLK_OUT}] [get_cells -filter { PRIMITIVE_GROUP != I/O && IS_PRIMITIVE==1 && PRIMITIVE_LEVEL !=INTERNAL } -of_object [get_pins -filter {DIRECTION==IN} -of_objects [get_nets -hierarchical -filter {PARENT=="gtwizard_0_main/gtwizard_0_support_i/gt_usrclk_source/GT0_TXUSRCLK_OUT"}]]]
resize_pblock [get_pblocks {CLKAG_gtwizard_0_main/gtwizard_0_support_i/gt_usrclk_source/GT0_TXUSRCLK_OUT}] -add {CLOCKREGION_X1Y2:CLOCKREGION_X1Y2}
#endgroup

# Clock net "gtwizard_0_main/drpclk_in_i" driven by instance "gtwizard_0_main/DRP_CLK_BUFG" located at site "BUFGCTRL_X0Y16"
#startgroup
create_pblock {CLKAG_gtwizard_0_main/drpclk_in_i}
add_cells_to_pblock [get_pblocks  {CLKAG_gtwizard_0_main/drpclk_in_i}] [get_cells -filter { PRIMITIVE_GROUP != I/O && IS_PRIMITIVE==1 && PRIMITIVE_LEVEL !=INTERNAL } -of_object [get_pins -filter {DIRECTION==IN} -of_objects [get_nets -hierarchical -filter {PARENT=="gtwizard_0_main/drpclk_in_i"}]]]
resize_pblock [get_pblocks {CLKAG_gtwizard_0_main/drpclk_in_i}] -add {CLOCKREGION_X1Y2:CLOCKREGION_X1Y2}
#endgroup

# Clock net "clkout_200MHz_BUFG" driven by instance "clkout_200MHz_BUFG_inst" located at site "BUFGCTRL_X0Y17"
#startgroup
create_pblock {CLKAG_clkout_200MHz_BUFG}
add_cells_to_pblock [get_pblocks  {CLKAG_clkout_200MHz_BUFG}] [get_cells -filter { PRIMITIVE_GROUP != I/O && IS_PRIMITIVE==1 && PRIMITIVE_LEVEL !=INTERNAL && NAME!=q0_CLK_OBUFDS} -of_object [get_pins -filter {DIRECTION==IN} -of_objects [get_nets -hierarchical -filter {PARENT=="clkout_200MHz_BUFG"}]]]
resize_pblock [get_pblocks {CLKAG_clkout_200MHz_BUFG}] -add {CLOCKREGION_X0Y2:CLOCKREGION_X0Y2}
#endgroup
